<?xml version="1.0" encoding="UTF-8"?>
<!-- Generated by org.testng.reporters.JUnitReportReporter -->
<testsuite hostname="DESKTOP-GDF5D83" name="Testng.Testcase_three" tests="3" failures="0" timestamp="16 Apr 2020 04:58:17 GMT" time="0.002" errors="0">
  <testcase name="method7" time="0.001" classname="Testng.Testcase_three"/>
  <testcase name="method8" time="0.000" classname="Testng.Testcase_three"/>
  <testcase name="method6" time="0.001" classname="Testng.Testcase_three"/>
</testsuite> <!-- Testng.Testcase_three -->
