<?xml version="1.0" encoding="UTF-8"?>
<!-- Generated by org.testng.reporters.JUnitReportReporter -->
<testsuite hostname="DESKTOP-GDF5D83" name="SELENIUM_PRACTICE.Table1_bhanu3" tests="1" failures="0" timestamp="28 Feb 2020 06:56:10 GMT" time="40.248" errors="0">
  <testcase name="GETDATA" time="40.248" classname="SELENIUM_PRACTICE.Table1_bhanu3"/>
</testsuite> <!-- SELENIUM_PRACTICE.Table1_bhanu3 -->
