<?xml version="1.0" encoding="UTF-8"?>
<!-- Generated by org.testng.reporters.JUnitReportReporter -->
<testsuite hostname="DESKTOP-GDF5D83" name="SELENIUM_PRACTICE.Table1_bhanu" tests="1" failures="0" timestamp="28 Feb 2020 05:38:19 GMT" time="47.933" errors="0">
  <testcase name="GETDATA" time="47.933" classname="SELENIUM_PRACTICE.Table1_bhanu"/>
</testsuite> <!-- SELENIUM_PRACTICE.Table1_bhanu -->
