<?xml version="1.0" encoding="UTF-8"?>
<!-- Generated by org.testng.reporters.JUnitReportReporter -->
<testsuite hostname="DESKTOP-GDF5D83" name="Testng.Testcase_two" tests="3" failures="0" timestamp="16 Apr 2020 04:58:17 GMT" time="0.002" errors="0">
  <testcase name="method12" time="0.001" classname="Testng.Testcase_two"/>
  <testcase name="method10" time="0.001" classname="Testng.Testcase_two"/>
  <testcase name="method11" time="0.000" classname="Testng.Testcase_two"/>
</testsuite> <!-- Testng.Testcase_two -->
