<?xml version="1.0" encoding="UTF-8"?>
<!-- Generated by org.testng.reporters.JUnitReportReporter -->
<testsuite hostname="DESKTOP-GDF5D83" name="com.gcr.config.StartBrowser" tests="1" failures="0" timestamp="22 Feb 2020 06:46:09 GMT" time="0.506" errors="0">
  <testcase name="test1" time="0.506" classname="com.gcr.config.StartBrowser"/>
</testsuite> <!-- com.gcr.config.StartBrowser -->
