<?xml version="1.0" encoding="UTF-8"?>
<!-- Generated by org.testng.reporters.JUnitReportReporter -->
<testsuite hostname="DESKTOP-GDF5D83" name="Testng.Testcase_one" tests="4" failures="0" timestamp="16 Apr 2020 04:58:17 GMT" time="0.037" errors="0">
  <testcase name="method1" time="0.036" classname="Testng.Testcase_one"/>
  <testcase name="method4" time="0.000" classname="Testng.Testcase_one"/>
  <testcase name="method2" time="0.001" classname="Testng.Testcase_one"/>
  <testcase name="method3" time="0.000" classname="Testng.Testcase_one"/>
</testsuite> <!-- Testng.Testcase_one -->
