<?xml version="1.0" encoding="UTF-8"?>
<!-- Generated by org.testng.reporters.JUnitReportReporter -->
<testsuite hostname="DESKTOP-GDF5D83" name="restassuredMukesh.TC1" tests="2" failures="0" timestamp="13 Feb 2020 06:24:32 GMT" time="105.993" errors="0">
  <testcase name="getRequest" time="103.606" classname="restassuredMukesh.TC1"/>
  <testcase name="testbody" time="2.387" classname="restassuredMukesh.TC1"/>
</testsuite> <!-- restassuredMukesh.TC1 -->
